0 info it worked if it ends with ok
1 verbose cli [ 'C:\\Program Files\\nodejs\\node.exe',
1 verbose cli   'C:\\Program Files\\nodejs\\node_modules\\npm\\bin\\npm-cli.js',
1 verbose cli   'install',
1 verbose cli   '-g',
1 verbose cli   'heroku' ]
2 info using npm@3.10.10
3 info using node@v6.11.2
4 silly loadCurrentTree Starting
5 silly install loadCurrentTree
6 silly install readGlobalPackageData
7 silly fetchPackageMetaData heroku
8 silly fetchOtherPackageData heroku
9 silly cache add args [ 'heroku', null ]
10 verbose cache add spec heroku
11 silly cache add parsed spec Result {
11 silly cache add   raw: 'heroku',
11 silly cache add   scope: null,
11 silly cache add   escapedName: 'heroku',
11 silly cache add   name: null,
11 silly cache add   rawSpec: 'heroku',
11 silly cache add   spec: 'C:\\Users\\Home PC\\Desktop\\App Folder\\hms\\heroku',
11 silly cache add   type: 'local' }
12 silly addLocalTarball shasum (computed) da39a3ee5e6b4b0d3255bfef95601890afd80709
13 verbose addTmpTarball C:\Users\Home PC\Desktop\App Folder\hms\heroku not in flight; adding
14 verbose correctMkdir C:\Users\Home PC\AppData\Roaming\npm-cache correctMkdir not in flight; initializing
15 verbose addTmpTarball validating metadata from C:\Users\Home PC\Desktop\App Folder\hms\heroku
16 verbose tar unpack C:\Users\Home PC\Desktop\App Folder\hms\heroku
17 verbose tar unpacking to C:\Users\HOMEPC~1\AppData\Local\Temp\npm-10176-c0a4eb0c\unpack-08628d6f
18 silly gentlyRm C:\Users\HOMEPC~1\AppData\Local\Temp\npm-10176-c0a4eb0c\unpack-08628d6f is being purged
19 verbose gentlyRm don't care about contents; nuking C:\Users\HOMEPC~1\AppData\Local\Temp\npm-10176-c0a4eb0c\unpack-08628d6f
20 silly gunzTarPerm modes [ '777', '666' ]
21 error tar.unpack error reading C:\Users\Home PC\Desktop\App Folder\hms\heroku
22 error addLocal Could not install C:\Users\Home PC\Desktop\App Folder\hms\heroku
23 silly fetchPackageMetaData Error: 0-byte tarball
23 silly fetchPackageMetaData Please run `npm cache clean`
23 silly fetchPackageMetaData     at C:\Program Files\nodejs\node_modules\npm\lib\utils\tar.js:287:14
23 silly fetchPackageMetaData     at C:\Program Files\nodejs\node_modules\npm\node_modules\graceful-fs\polyfills.js:267:18
23 silly fetchPackageMetaData     at FSReqWrap.oncomplete (fs.js:123:15)
23 silly fetchPackageMetaData  error for heroku Error: 0-byte tarball
23 silly fetchPackageMetaData Please run `npm cache clean`
23 silly fetchPackageMetaData     at C:\Program Files\nodejs\node_modules\npm\lib\utils\tar.js:287:14
23 silly fetchPackageMetaData     at C:\Program Files\nodejs\node_modules\npm\node_modules\graceful-fs\polyfills.js:267:18
23 silly fetchPackageMetaData     at FSReqWrap.oncomplete (fs.js:123:15)
24 silly rollbackFailedOptional Starting
25 silly rollbackFailedOptional Finishing
26 silly runTopLevelLifecycles Finishing
27 silly install printInstalled
28 verbose stack Error: 0-byte tarball
28 verbose stack Please run `npm cache clean`
28 verbose stack     at C:\Program Files\nodejs\node_modules\npm\lib\utils\tar.js:287:14
28 verbose stack     at C:\Program Files\nodejs\node_modules\npm\node_modules\graceful-fs\polyfills.js:267:18
28 verbose stack     at FSReqWrap.oncomplete (fs.js:123:15)
29 verbose cwd C:\Users\Home PC\Desktop\App Folder\hms
30 error Windows_NT 10.0.16299
31 error argv "C:\\Program Files\\nodejs\\node.exe" "C:\\Program Files\\nodejs\\node_modules\\npm\\bin\\npm-cli.js" "install" "-g" "heroku"
32 error node v6.11.2
33 error npm  v3.10.10
34 error 0-byte tarball
34 error Please run `npm cache clean`
35 error If you need help, you may report this error at:
35 error     <https://github.com/npm/npm/issues>
36 verbose exit [ 1, true ]
